#
# A fatal error has been detected by the Java Runtime Environment:
#
#  EXCEPTION_ACCESS_VIOLATION (0xc0000005) at pc=0x000000006f134db2, pid=6700, tid=4808
#
# JRE version: Java(TM) SE Runtime Environment (8.0_11-b12) (build 1.8.0_11-b12)
# Java VM: Java HotSpot(TM) 64-Bit Server VM (25.11-b03 mixed mode windows-amd64 compressed oops)
# Problematic frame:
# V  [jvm.dll+0x424db2]
#
# Failed to write core dump. Minidumps are not enabled by default on client versions of Windows
#
# If you would like to submit a bug report, please visit:
#   http://bugreport.sun.com/bugreport/crash.jsp
#

---------------  T H R E A D  ---------------

Current thread (0x0000000016dd5800):  JavaThread "C2 CompilerThread1" daemon [_thread_in_native, id=4808, stack(0x0000000017370000,0x0000000017470000)]

siginfo: ExceptionCode=0xc0000005, reading address 0x0000000000000000

Registers:
RAX=0x000000001a016418, RBX=0x0000000000000600, RCX=0x0000000000000000, RDX=0x000000001a3285a0
RSP=0x000000001746c4f0, RBP=0x00000000000000c0, RSI=0x00000000000000b8, RDI=0x0000000000000000
R8 =0x000000006ed10000, R9 =0x000000001746c810, R10=0x00000000ffffffff, R11=0x0000000016e147b0
R12=0x000000001a016b20, R13=0x000000001994a8f8, R14=0x0000000000000008, R15=0x000000001994a8f8
RIP=0x000000006f134db2, EFLAGS=0x0000000000010206

Top of Stack: (sp=0x000000001746c4f0)
0x000000001746c4f0:   00000000000000da 00000000000000b0
0x000000001746c500:   000000000000000a 0000000000000400
0x000000001746c510:   0000000000000001 0000000000000600
0x000000001746c520:   0000000000000180 00000000000000c0
0x000000001746c530:   000000001c8c95a0 0000000016dd2cb0
0x000000001746c540:   00000000000006b8 000000001a323ee0
0x000000001746c550:   000000001746c810 000000001a0135a0
0x000000001746c560:   0000000000000020 0000000000000009
0x000000001746c570:   000000001a016af0 00000000000000da
0x000000001746c580:   000000001994a8f8 000000006f13598d
0x000000001746c590:   000000001a016af0 000000000000001c
0x000000001746c5a0:   00000000000000da 000000001746c810
0x000000001746c5b0:   000000001a3285a0 00000000000000da
0x000000001746c5c0:   000000001a0135a0 0000000000000020
0x000000001746c5d0:   000000001b7ed898 000000001746eb80
0x000000001746c5e0:   000000001b7edec8 000000001a016af0 

Instructions: (pc=0x000000006f134db2)
0x000000006f134d92:   c6 48 63 f0 48 03 f1 eb 04 48 83 ce ff 48 8b 84
0x000000006f134da2:   24 a0 00 00 00 48 8b 40 08 48 8b 3c 03 48 8b cf
0x000000006f134db2:   48 8b 07 ff 50 28 4c 8d 05 41 b2 bd ff 48 63 50
0x000000006f134dc2:   10 4c 8b d8 48 8b ca 48 c1 e1 05 42 80 bc 01 c0 


Register to memory mapping:

RAX=0x000000001a016418 is an unknown value
RBX=0x0000000000000600 is an unknown value
RCX=0x0000000000000000 is an unknown value
RDX=0x000000001a3285a0 is an unknown value
RSP=0x000000001746c4f0 is pointing into the stack for thread: 0x0000000016dd5800
RBP=0x00000000000000c0 is an unknown value
RSI=0x00000000000000b8 is an unknown value
RDI=0x0000000000000000 is an unknown value
R8 =0x000000006ed10000 is an unknown value
R9 =0x000000001746c810 is pointing into the stack for thread: 0x0000000016dd5800
R10=0x00000000ffffffff is an unknown value
R11=0x0000000016e147b0 is an unknown value
R12=0x000000001a016b20 is an unknown value
R13=0x000000001994a8f8 is an unknown value
R14=0x0000000000000008 is an unknown value
R15=0x000000001994a8f8 is an unknown value


Stack: [0x0000000017370000,0x0000000017470000],  sp=0x000000001746c4f0,  free space=1009k
Native frames: (J=compiled Java code, j=interpreted, Vv=VM code, C=native code)
V  [jvm.dll+0x424db2]
V  [jvm.dll+0x42598d]
V  [jvm.dll+0x425ecf]
V  [jvm.dll+0x4c5a84]
V  [jvm.dll+0x4415bc]
V  [jvm.dll+0x443a29]
V  [jvm.dll+0x427722]
V  [jvm.dll+0x96982]
V  [jvm.dll+0x97173]
V  [jvm.dll+0x2234b4]
V  [jvm.dll+0x27bcca]
C  [msvcr100.dll+0x21d9f]
C  [msvcr100.dll+0x21e3b]
C  [KERNEL32.DLL+0x13d2]
C  [ntdll.dll+0x15444]


Current CompileTask:
C2:  12885 5609       4       groovy.lang.MetaClassImpl::findPropertyMethod (356 bytes)


---------------  P R O C E S S  ---------------

Java Threads: ( => current thread )
  0x000000001a461800 JavaThread "net.sf.ehcache.CacheManager@1e5b3f91" daemon [_thread_blocked, id=7756, stack(0x0000000020970000,0x0000000020a70000)]
  0x000000001b4f8000 JavaThread "PoolCleaner[661047965:1433748451889]" daemon [_thread_blocked, id=10848, stack(0x0000000020070000,0x0000000020170000)]
  0x000000001b459000 JavaThread "FileSystemWatcher: files=#98 cl=groovy.lang.GroovyClassLoader@2766ca9d" daemon [_thread_blocked, id=4568, stack(0x000000001db40000,0x000000001dc40000)]
  0x000000001a0e4000 JavaThread "localhost-startStop-1" daemon [_thread_in_vm, id=3008, stack(0x000000001dc70000,0x000000001dd70000)]
  0x000000001a0e3000 JavaThread "Tomcat-startStop-1" daemon [_thread_blocked, id=9984, stack(0x000000001d820000,0x000000001d920000)]
  0x000000001a4d8000 JavaThread "Thread-3" [_thread_in_native, id=7108, stack(0x000000001bec0000,0x000000001bfc0000)]
  0x000000001c838000 JavaThread "Thread-2" [_thread_blocked, id=11220, stack(0x0000000019c10000,0x0000000019d10000)]
  0x0000000017c7b000 JavaThread "NonBlockingInputStreamThread" daemon [_thread_blocked, id=9564, stack(0x0000000018940000,0x0000000018a40000)]
  0x0000000016f24800 JavaThread "Service Thread" daemon [_thread_blocked, id=8952, stack(0x0000000017670000,0x0000000017770000)]
  0x0000000016dd7000 JavaThread "C1 CompilerThread3" daemon [_thread_blocked, id=6600, stack(0x0000000017570000,0x0000000017670000)]
  0x0000000016dd6000 JavaThread "C2 CompilerThread2" daemon [_thread_in_native, id=2220, stack(0x0000000017470000,0x0000000017570000)]
=>0x0000000016dd5800 JavaThread "C2 CompilerThread1" daemon [_thread_in_native, id=4808, stack(0x0000000017370000,0x0000000017470000)]
  0x0000000016ddf000 JavaThread "C2 CompilerThread0" daemon [_thread_in_native, id=11088, stack(0x0000000017270000,0x0000000017370000)]
  0x0000000016cf1800 JavaThread "Attach Listener" daemon [_thread_blocked, id=9708, stack(0x0000000017170000,0x0000000017270000)]
  0x0000000016cf0800 JavaThread "Signal Dispatcher" daemon [_thread_blocked, id=6204, stack(0x0000000017070000,0x0000000017170000)]
  0x0000000002aea800 JavaThread "Finalizer" daemon [_thread_blocked, id=4084, stack(0x0000000016b70000,0x0000000016c70000)]
  0x0000000014cac000 JavaThread "Reference Handler" daemon [_thread_blocked, id=10860, stack(0x0000000016a70000,0x0000000016b70000)]
  0x00000000029f4000 JavaThread "main" [_thread_blocked, id=9040, stack(0x00000000027f0000,0x00000000028f0000)]

Other Threads:
  0x0000000014ca8000 VMThread [stack: 0x0000000016970000,0x0000000016a70000] [id=3280]
  0x0000000016f96000 WatcherThread [stack: 0x0000000017770000,0x0000000017870000] [id=8860]

VM state:not at safepoint (normal execution)

VM Mutex/Monitor currently owned by a thread: None

Heap:
 PSYoungGen      total 224768K, used 36137K [0x00000000f0000000, 0x0000000100000000, 0x0000000100000000)
  eden space 200704K, 10% used [0x00000000f0000000,0x00000000f146a680,0x00000000fc400000)
  from space 24064K, 63% used [0x00000000fc400000,0x00000000fd2dff00,0x00000000fdb80000)
  to   space 32768K, 0% used [0x00000000fe000000,0x00000000fe000000,0x0000000100000000)
 ParOldGen       total 91648K, used 75878K [0x00000000d0000000, 0x00000000d5980000, 0x00000000f0000000)
  object space 91648K, 82% used [0x00000000d0000000,0x00000000d4a19890,0x00000000d5980000)
 Metaspace       used 54681K, capacity 56404K, committed 56704K, reserved 1099776K
  class space    used 6189K, capacity 6722K, committed 6784K, reserved 1048576K

Card table byte_map: [0x0000000011eb0000,0x0000000012040000] byte_map_base: 0x0000000011830000

Marking Bits: (ParMarkBitMap*) 0x000000006f4c12b0
 Begin Bits: [0x0000000012940000, 0x0000000013540000)
 End Bits:   [0x0000000013540000, 0x0000000014140000)

Polling page: 0x00000000026a0000

CodeCache: size=245760Kb used=17681Kb max_used=17688Kb free=228078Kb
 bounds [0x0000000002af0000, 0x0000000003c50000, 0x0000000011af0000]
 total_blobs=5705 nmethods=4973 adapters=642
 compilation: enabled

Compilation events (10 events):
Event: 12.845 Thread 0x0000000016dd5800 nmethod 5505 0x0000000003c3bc50 code [0x0000000003c3c460, 0x0000000003c429c0]
Event: 12.848 Thread 0x0000000016dd5800 5604       4       org.codehaus.groovy.runtime.metaclass.MetaMethodIndex::isMatchingMethod (68 bytes)
Event: 12.849 Thread 0x0000000016dd5800 nmethod 5604 0x0000000003c38ad0 code [0x0000000003c38c20, 0x0000000003c38d78]
Event: 12.849 Thread 0x0000000016dd5800 5609       4       groovy.lang.MetaClassImpl::findPropertyMethod (356 bytes)
Event: 12.854 Thread 0x0000000016dd7000 5653       2       java.lang.ClassLoader::findResources (4 bytes)
Event: 12.854 Thread 0x0000000016dd7000 nmethod 5653 0x0000000003c3b910 code [0x0000000003c3ba60, 0x0000000003c3bbb0]
Event: 12.856 Thread 0x0000000016dd7000 5654       2       org.codehaus.groovy.util.ArrayIterator::hasNext (17 bytes)
Event: 12.856 Thread 0x0000000016dd7000 nmethod 5654 0x0000000003c3b5d0 code [0x0000000003c3b720, 0x0000000003c3b890]
Event: 12.856 Thread 0x0000000016dd7000 5655       2       sun.reflect.MethodAccessorGenerator::isInterface (8 bytes)
Event: 12.856 Thread 0x0000000016dd7000 nmethod 5655 0x0000000003c3b210 code [0x0000000003c3b380, 0x0000000003c3b508]

GC Heap History (10 events):
Event: 10.111 GC heap before
{Heap before GC invocations=53 (full 4):
 PSYoungGen      total 238080K, used 235535K [0x00000000f0000000, 0x0000000100000000, 0x0000000100000000)
  eden space 218112K, 100% used [0x00000000f0000000,0x00000000fd500000,0x00000000fd500000)
  from space 19968K, 87% used [0x00000000fec80000,0x00000000ffd83d80,0x0000000100000000)
  to   space 22016K, 0% used [0x00000000fd500000,0x00000000fd500000,0x00000000fea80000)
 ParOldGen       total 64000K, used 50013K [0x00000000d0000000, 0x00000000d3e80000, 0x00000000f0000000)
  object space 64000K, 78% used [0x00000000d0000000,0x00000000d30d7780,0x00000000d3e80000)
 Metaspace       used 51044K, capacity 52622K, committed 52864K, reserved 1095680K
  class space    used 5711K, capacity 6172K, committed 6272K, reserved 1048576K
Event: 10.130 GC heap after
Heap after GC invocations=53 (full 4):
 PSYoungGen      total 239616K, used 21344K [0x00000000f0000000, 0x0000000100000000, 0x0000000100000000)
  eden space 218112K, 0% used [0x00000000f0000000,0x00000000f0000000,0x00000000fd500000)
  from space 21504K, 99% used [0x00000000fd500000,0x00000000fe9d8078,0x00000000fea00000)
  to   space 22528K, 0% used [0x00000000fea00000,0x00000000fea00000,0x0000000100000000)
 ParOldGen       total 64000K, used 53493K [0x00000000d0000000, 0x00000000d3e80000, 0x00000000f0000000)
  object space 64000K, 83% used [0x00000000d0000000,0x00000000d343d540,0x00000000d3e80000)
 Metaspace       used 51044K, capacity 52622K, committed 52864K, reserved 1095680K
  class space    used 5711K, capacity 6172K, committed 6272K, reserved 1048576K
}
Event: 10.916 GC heap before
{Heap before GC invocations=54 (full 4):
 PSYoungGen      total 239616K, used 239456K [0x00000000f0000000, 0x0000000100000000, 0x0000000100000000)
  eden space 218112K, 100% used [0x00000000f0000000,0x00000000fd500000,0x00000000fd500000)
  from space 21504K, 99% used [0x00000000fd500000,0x00000000fe9d8078,0x00000000fea00000)
  to   space 22528K, 0% used [0x00000000fea00000,0x00000000fea00000,0x0000000100000000)
 ParOldGen       total 64000K, used 53493K [0x00000000d0000000, 0x00000000d3e80000, 0x00000000f0000000)
  object space 64000K, 83% used [0x00000000d0000000,0x00000000d343d540,0x00000000d3e80000)
 Metaspace       used 52627K, capacity 54162K, committed 54528K, reserved 1097728K
  class space    used 5851K, capacity 6339K, committed 6400K, reserved 1048576K
Event: 10.931 GC heap after
Heap after GC invocations=54 (full 4):
 PSYoungGen      total 223232K, used 22512K [0x00000000f0000000, 0x0000000100000000, 0x0000000100000000)
  eden space 200704K, 0% used [0x00000000f0000000,0x00000000f0000000,0x00000000fc400000)
  from space 22528K, 99% used [0x00000000fea00000,0x00000000ffffc2e0,0x0000000100000000)
  to   space 30720K, 0% used [0x00000000fc400000,0x00000000fc400000,0x00000000fe200000)
 ParOldGen       total 64000K, used 61732K [0x00000000d0000000, 0x00000000d3e80000, 0x00000000f0000000)
  object space 64000K, 96% used [0x00000000d0000000,0x00000000d3c49248,0x00000000d3e80000)
 Metaspace       used 52627K, capacity 54162K, committed 54528K, reserved 1097728K
  class space    used 5851K, capacity 6339K, committed 6400K, reserved 1048576K
}
Event: 10.931 GC heap before
{Heap before GC invocations=55 (full 5):
 PSYoungGen      total 223232K, used 22512K [0x00000000f0000000, 0x0000000100000000, 0x0000000100000000)
  eden space 200704K, 0% used [0x00000000f0000000,0x00000000f0000000,0x00000000fc400000)
  from space 22528K, 99% used [0x00000000fea00000,0x00000000ffffc2e0,0x0000000100000000)
  to   space 30720K, 0% used [0x00000000fc400000,0x00000000fc400000,0x00000000fe200000)
 ParOldGen       total 64000K, used 61732K [0x00000000d0000000, 0x00000000d3e80000, 0x00000000f0000000)
  object space 64000K, 96% used [0x00000000d0000000,0x00000000d3c49248,0x00000000d3e80000)
 Metaspace       used 52627K, capacity 54162K, committed 54528K, reserved 1097728K
  class space    used 5851K, capacity 6339K, committed 6400K, reserved 1048576K
Event: 11.850 GC heap after
Heap after GC invocations=55 (full 5):
 PSYoungGen      total 223232K, used 19800K [0x00000000f0000000, 0x0000000100000000, 0x0000000100000000)
  eden space 200704K, 0% used [0x00000000f0000000,0x00000000f0000000,0x00000000fc400000)
  from space 22528K, 87% used [0x00000000fea00000,0x00000000ffd563c8,0x0000000100000000)
  to   space 30720K, 0% used [0x00000000fc400000,0x00000000fc400000,0x00000000fe200000)
 ParOldGen       total 76288K, used 63537K [0x00000000d0000000, 0x00000000d4a80000, 0x00000000f0000000)
  object space 76288K, 83% used [0x00000000d0000000,0x00000000d3e0c698,0x00000000d4a80000)
 Metaspace       used 52627K, capacity 54162K, committed 54528K, reserved 1097728K
  class space    used 5851K, capacity 6339K, committed 6400K, reserved 1048576K
}
Event: 12.322 GC heap before
{Heap before GC invocations=56 (full 5):
 PSYoungGen      total 223232K, used 220504K [0x00000000f0000000, 0x0000000100000000, 0x0000000100000000)
  eden space 200704K, 100% used [0x00000000f0000000,0x00000000fc400000,0x00000000fc400000)
  from space 22528K, 87% used [0x00000000fea00000,0x00000000ffd563c8,0x0000000100000000)
  to   space 30720K, 0% used [0x00000000fc400000,0x00000000fc400000,0x00000000fe200000)
 ParOldGen       total 76288K, used 63537K [0x00000000d0000000, 0x00000000d4a80000, 0x00000000f0000000)
  object space 76288K, 83% used [0x00000000d0000000,0x00000000d3e0c698,0x00000000d4a80000)
 Metaspace       used 54549K, capacity 56284K, committed 56704K, reserved 1099776K
  class space    used 6165K, capacity 6707K, committed 6784K, reserved 1048576K
Event: 12.349 GC heap after
Heap after GC invocations=56 (full 5):
 PSYoungGen      total 224768K, used 23741K [0x00000000f0000000, 0x0000000100000000, 0x0000000100000000)
  eden space 200704K, 0% used [0x00000000f0000000,0x00000000f0000000,0x00000000fc400000)
  from space 24064K, 98% used [0x00000000fc400000,0x00000000fdb2f500,0x00000000fdb80000)
  to   space 32768K, 0% used [0x00000000fe000000,0x00000000fe000000,0x0000000100000000)
 ParOldGen       total 76288K, used 68597K [0x00000000d0000000, 0x00000000d4a80000, 0x00000000f0000000)
  object space 76288K, 89% used [0x00000000d0000000,0x00000000d42fd660,0x00000000d4a80000)
 Metaspace       used 54549K, capacity 56284K, committed 56704K, reserved 1099776K
  class space    used 6165K, capacity 6707K, committed 6784K, reserved 1048576K
}
Event: 12.349 GC heap before
{Heap before GC invocations=57 (full 6):
 PSYoungGen      total 224768K, used 23741K [0x00000000f0000000, 0x0000000100000000, 0x0000000100000000)
  eden space 200704K, 0% used [0x00000000f0000000,0x00000000f0000000,0x00000000fc400000)
  from space 24064K, 98% used [0x00000000fc400000,0x00000000fdb2f500,0x00000000fdb80000)
  to   space 32768K, 0% used [0x00000000fe000000,0x00000000fe000000,0x0000000100000000)
 ParOldGen       total 76288K, used 68597K [0x00000000d0000000, 0x00000000d4a80000, 0x00000000f0000000)
  object space 76288K, 89% used [0x00000000d0000000,0x00000000d42fd660,0x00000000d4a80000)
 Metaspace       used 54549K, capacity 56284K, committed 56704K, reserved 1099776K
  class space    used 6165K, capacity 6707K, committed 6784K, reserved 1048576K
Event: 12.834 GC heap after
Heap after GC invocations=57 (full 6):
 PSYoungGen      total 224768K, used 15231K [0x00000000f0000000, 0x0000000100000000, 0x0000000100000000)
  eden space 200704K, 0% used [0x00000000f0000000,0x00000000f0000000,0x00000000fc400000)
  from space 24064K, 63% used [0x00000000fc400000,0x00000000fd2dff00,0x00000000fdb80000)
  to   space 32768K, 0% used [0x00000000fe000000,0x00000000fe000000,0x0000000100000000)
 ParOldGen       total 91648K, used 75878K [0x00000000d0000000, 0x00000000d5980000, 0x00000000f0000000)
  object space 91648K, 82% used [0x00000000d0000000,0x00000000d4a19890,0x00000000d5980000)
 Metaspace       used 54549K, capacity 56284K, committed 56704K, reserved 1099776K
  class space    used 6165K, capacity 6707K, committed 6784K, reserved 1048576K
}

Deoptimization events (10 events):
Event: 10.395 Thread 0x000000001a0e4000 Uncommon trap: reason=bimorphic action=maybe_recompile pc=0x00000000032196b8 method=org.codehaus.groovy.runtime.metaclass.MetaMethodIndex.addMethodToList(Ljava/lang/Object;Lgroovy/lang/MetaMethod;)Ljava/lang/Object; @ 97
Event: 10.395 Thread 0x000000001a0e4000 Uncommon trap: reason=bimorphic action=maybe_recompile pc=0x00000000032196b8 method=org.codehaus.groovy.runtime.metaclass.MetaMethodIndex.addMethodToList(Ljava/lang/Object;Lgroovy/lang/MetaMethod;)Ljava/lang/Object; @ 97
Event: 10.451 Thread 0x000000001a0e4000 Uncommon trap: reason=bimorphic action=maybe_recompile pc=0x0000000003a810ec method=groovy.lang.MetaClassImpl$1MOPIter.methodNameAction(Ljava/lang/Class;Lorg/codehaus/groovy/runtime/metaclass/MetaMethodIndex$Entry;)V @ 62
Event: 10.451 Thread 0x000000001a0e4000 Uncommon trap: reason=bimorphic action=maybe_recompile pc=0x0000000003a810ec method=groovy.lang.MetaClassImpl$1MOPIter.methodNameAction(Ljava/lang/Class;Lorg/codehaus/groovy/runtime/metaclass/MetaMethodIndex$Entry;)V @ 62
Event: 10.451 Thread 0x000000001a0e4000 Uncommon trap: reason=bimorphic action=maybe_recompile pc=0x0000000003a810ec method=groovy.lang.MetaClassImpl$1MOPIter.methodNameAction(Ljava/lang/Class;Lorg/codehaus/groovy/runtime/metaclass/MetaMethodIndex$Entry;)V @ 62
Event: 12.134 Thread 0x000000001a0e4000 Uncommon trap: reason=class_check action=maybe_recompile pc=0x0000000003b3a82c method=java.lang.reflect.Executable.getAnnotation(Ljava/lang/Class;)Ljava/lang/annotation/Annotation; @ 19
Event: 12.135 Thread 0x000000001a0e4000 Uncommon trap: reason=class_check action=maybe_recompile pc=0x0000000003b3a82c method=java.lang.reflect.Executable.getAnnotation(Ljava/lang/Class;)Ljava/lang/annotation/Annotation; @ 19
Event: 12.135 Thread 0x000000001a0e4000 Uncommon trap: reason=class_check action=maybe_recompile pc=0x0000000003b3a82c method=java.lang.reflect.Executable.getAnnotation(Ljava/lang/Class;)Ljava/lang/annotation/Annotation; @ 19
Event: 12.136 Thread 0x000000001a0e4000 Uncommon trap: reason=class_check action=maybe_recompile pc=0x0000000003b3a82c method=java.lang.reflect.Executable.getAnnotation(Ljava/lang/Class;)Ljava/lang/annotation/Annotation; @ 19
Event: 12.834 Thread 0x000000001a0e4000 Uncommon trap: reason=null_check action=make_not_entrant pc=0x0000000003bf6170 method=sun.reflect.generics.reflectiveObjects.ParameterizedTypeImpl.equals(Ljava/lang/Object;)Z @ 1

Internal exceptions (10 events):
Event: 12.865 Thread 0x000000001a0e4000 Exception <a 'java/security/PrivilegedActionException'> (0x00000000f05d7ea8) thrown at [C:\re\workspace\8-2-build-windows-amd64-cygwin\jdk8u11\648\hotspot\src\share\vm\prims\jvm.cpp, line 1248]
Event: 12.865 Thread 0x000000001a0e4000 Exception <a 'java/lang/ClassNotFoundException': org/grails/datastore/gorm/utils/ReflectionUtilsBeanInfo> (0x00000000f05d9278) thrown at [C:\re\workspace\8-2-build-windows-amd64-cygwin\jdk8u11\648\hotspot\src\share\vm\classfile\systemDictionary.cpp, line 2Ÿ” ä±º)@
Event: 12.865 Thread 0x000000001a0e4000 Exception <a 'java/security/PrivilegedActionException'> (0x00000000f05da8d8) thrown at [C:\re\workspace\8-2-build-windows-amd64-cygwin\jdk8u11\648\hotspot\src\share\vm\prims\jvm.cpp, line 1248]
Event: 12.865 Thread 0x000000001a0e4000 Exception <a 'java/security/PrivilegedActionException'> (0x00000000f05de998) thrown at [C:\re\workspace\8-2-build-windows-amd64-cygwin\jdk8u11\648\hotspot\src\share\vm\prims\jvm.cpp, line 1248]
Event: 12.865 Thread 0x000000001a0e4000 Exception <a 'java/security/PrivilegedActionException'> (0x00000000f05ed568) thrown at [C:\re\workspace\8-2-build-windows-amd64-cygwin\jdk8u11\648\hotspot\src\share\vm\prims\jvm.cpp, line 1248]
Event: 12.865 Thread 0x000000001a0e4000 Exception <a 'java/security/PrivilegedActionException'> (0x00000000f05ffed8) thrown at [C:\re\workspace\8-2-build-windows-amd64-cygwin\jdk8u11\648\hotspot\src\share\vm\prims\jvm.cpp, line 1248]
Event: 12.865 Thread 0x000000001a0e4000 Exception <a 'java/security/PrivilegedActionException'> (0x00000000f0603f98) thrown at [C:\re\workspace\8-2-build-windows-amd64-cygwin\jdk8u11\648\hotspot\src\share\vm\prims\jvm.cpp, line 1248]
Event: 12.865 Thread 0x000000001a0e4000 Exception <a 'java/security/PrivilegedActionException'> (0x00000000f0612b68) thrown at [C:\re\workspace\8-2-build-windows-amd64-cygwin\jdk8u11\648\hotspot\src\share\vm\prims\jvm.cpp, line 1248]
Event: 12.865 Thread 0x000000001a0e4000 Exception <a 'java/security/PrivilegedActionException'> (0x00000000f0632d00) thrown at [C:\re\workspace\8-2-build-windows-amd64-cygwin\jdk8u11\648\hotspot\src\share\vm\prims\jvm.cpp, line 1248]
Event: 12.866 Thread 0x000000001a0e4000 Exception <a 'java/lang/ClassNotFoundException': org/grails/datastore/gorm/utils/ReflectionUtilsCustomizer> (0x00000000f06340d8) thrown at [C:\re\workspace\8-2-build-windows-amd64-cygwin\jdk8u11\648\hotspot\src\share\vm\classfile\systemDictionary.cpp, line±5F]¢º)@

Events (10 events):
Event: 12.864 loading class org/grails/datastore/gorm/utils/ReflectionUtilsBeanInfo
Event: 12.864 loading class org/grails/datastore/gorm/utils/ReflectionUtilsBeanInfo done
Event: 12.865 loading class org/grails/datastore/gorm/utils/ReflectionUtilsBeanInfo
Event: 12.865 loading class org/grails/datastore/gorm/utils/ReflectionUtilsBeanInfo done
Event: 12.865 loading class org/grails/datastore/gorm/utils/ReflectionUtilsCustomizer
Event: 12.865 loading class org/grails/datastore/gorm/utils/ReflectionUtilsCustomizer done
Event: 12.865 loading class org/grails/datastore/gorm/utils/ReflectionUtilsCustomizer
Event: 12.865 loading class org/grails/datastore/gorm/utils/ReflectionUtilsCustomizer done
Event: 12.866 loading class org/grails/datastore/gorm/utils/ReflectionUtilsCustomizer
Event: 12.866 loading class org/grails/datastore/gorm/utils/ReflectionUtilsCustomizer done


Dynamic libraries:
0x00007ff70cef0000 - 0x00007ff70cf24000 	C:\Program Files\Java\jdk1.8.0_11\bin\java.exe
0x00007ff8e8940000 - 0x00007ff8e8aec000 	C:\WINDOWS\SYSTEM32\ntdll.dll
0x00007ff8e6240000 - 0x00007ff8e637e000 	C:\WINDOWS\system32\KERNEL32.DLL
0x00007ff8e5ea0000 - 0x00007ff8e5fb5000 	C:\WINDOWS\system32\KERNELBASE.dll
0x00007ff8e4650000 - 0x00007ff8e46de000 	C:\WINDOWS\system32\apphelp.dll
0x00007ff8e1800000 - 0x00007ff8e1853000 	C:\WINDOWS\AppPatch\AppPatch64\AcGenral.DLL
0x00007ff8e6130000 - 0x00007ff8e61da000 	C:\WINDOWS\system32\msvcrt.dll
0x00007ff8e5860000 - 0x00007ff8e588e000 	C:\WINDOWS\SYSTEM32\SspiCli.dll
0x00007ff8e6860000 - 0x00007ff8e68b4000 	C:\WINDOWS\system32\SHLWAPI.dll
0x00007ff8e69d0000 - 0x00007ff8e6b47000 	C:\WINDOWS\system32\USER32.dll
0x00007ff8e6380000 - 0x00007ff8e6514000 	C:\WINDOWS\system32\ole32.dll
0x00007ff8e6b50000 - 0x00007ff8e8068000 	C:\WINDOWS\system32\SHELL32.dll
0x00007ff8e5030000 - 0x00007ff8e5051000 	C:\WINDOWS\SYSTEM32\USERENV.dll
0x00007ff8e6520000 - 0x00007ff8e65ca000 	C:\WINDOWS\system32\ADVAPI32.dll
0x00007ff8d3db0000 - 0x00007ff8d3dce000 	C:\WINDOWS\SYSTEM32\MPR.dll
0x00007ff8e80e0000 - 0x00007ff8e8221000 	C:\WINDOWS\system32\RPCRT4.dll
0x00007ff8e61e0000 - 0x00007ff8e6239000 	C:\WINDOWS\SYSTEM32\sechost.dll
0x00007ff8e8240000 - 0x00007ff8e8451000 	C:\WINDOWS\SYSTEM32\combase.dll
0x00007ff8e5fc0000 - 0x00007ff8e6111000 	C:\WINDOWS\system32\GDI32.dll
0x00007ff8e5a90000 - 0x00007ff8e5aa5000 	C:\WINDOWS\SYSTEM32\profapi.dll
0x00007ff8e4040000 - 0x00007ff8e40f2000 	C:\WINDOWS\SYSTEM32\SHCORE.dll
0x00007ff8e68c0000 - 0x00007ff8e68f6000 	C:\WINDOWS\system32\IMM32.DLL
0x00007ff8e86c0000 - 0x00007ff8e8812000 	C:\WINDOWS\system32\MSCTF.dll
0x00007ff8e3420000 - 0x00007ff8e369b000 	C:\WINDOWS\WinSxS\amd64_microsoft.windows.common-controls_6595b64144ccf1df_6.0.9600.17784_none_624760d1ecb7236e\COMCTL32.dll
0x0000000071d50000 - 0x0000000071e22000 	C:\Program Files\Java\jdk1.8.0_11\jre\bin\msvcr100.dll
0x000000006ed10000 - 0x000000006f53a000 	C:\Program Files\Java\jdk1.8.0_11\jre\bin\server\jvm.dll
0x00007ff8e1490000 - 0x00007ff8e1499000 	C:\WINDOWS\SYSTEM32\WSOCK32.dll
0x00007ff8e36a0000 - 0x00007ff8e36c2000 	C:\WINDOWS\SYSTEM32\WINMM.dll
0x00007ff8e8650000 - 0x00007ff8e8657000 	C:\WINDOWS\system32\PSAPI.DLL
0x00007ff8e8820000 - 0x00007ff8e887a000 	C:\WINDOWS\system32\WS2_32.dll
0x00007ff8e33e0000 - 0x00007ff8e340a000 	C:\WINDOWS\SYSTEM32\WINMMBASE.dll
0x00007ff8e8640000 - 0x00007ff8e8649000 	C:\WINDOWS\system32\NSI.dll
0x00007ff8e5e50000 - 0x00007ff8e5e9f000 	C:\WINDOWS\SYSTEM32\cfgmgr32.dll
0x00007ff8e4740000 - 0x00007ff8e4768000 	C:\WINDOWS\SYSTEM32\DEVOBJ.dll
0x0000000071d40000 - 0x0000000071d4f000 	C:\Program Files\Java\jdk1.8.0_11\jre\bin\verify.dll
0x0000000071d10000 - 0x0000000071d38000 	C:\Program Files\Java\jdk1.8.0_11\jre\bin\java.dll
0x0000000071c50000 - 0x0000000071c73000 	C:\Program Files\Java\jdk1.8.0_11\jre\bin\instrument.dll
0x0000000071cf0000 - 0x0000000071d06000 	C:\Program Files\Java\jdk1.8.0_11\jre\bin\zip.dll
0x00007ff8e5300000 - 0x00007ff8e5320000 	C:\WINDOWS\SYSTEM32\CRYPTSP.dll
0x00007ff8e4f20000 - 0x00007ff8e4f56000 	C:\WINDOWS\system32\rsaenh.dll
0x00007ff8e5570000 - 0x00007ff8e5596000 	C:\WINDOWS\SYSTEM32\bcrypt.dll
0x00007ff8e5890000 - 0x00007ff8e58f3000 	C:\WINDOWS\system32\bcryptprimitives.dll
0x00007ff8e5900000 - 0x00007ff8e590b000 	C:\WINDOWS\SYSTEM32\CRYPTBASE.dll
0x0000000071cd0000 - 0x0000000071cea000 	C:\Program Files\Java\jdk1.8.0_11\jre\bin\net.dll
0x00007ff8e52a0000 - 0x00007ff8e52f9000 	C:\WINDOWS\system32\mswsock.dll
0x00007ff8e01b0000 - 0x00007ff8e01da000 	C:\WINDOWS\SYSTEM32\IPHLPAPI.DLL
0x00007ff8e0140000 - 0x00007ff8e014a000 	C:\WINDOWS\SYSTEM32\WINNSI.DLL
0x00007ff8dfad0000 - 0x00007ff8dfae6000 	C:\WINDOWS\SYSTEM32\dhcpcsvc6.DLL
0x00007ff8df920000 - 0x00007ff8df93a000 	C:\WINDOWS\SYSTEM32\dhcpcsvc.DLL
0x0000000071cb0000 - 0x0000000071cc1000 	C:\Program Files\Java\jdk1.8.0_11\jre\bin\nio.dll
0x00007ff8e2900000 - 0x00007ff8e290a000 	C:\Users\suparera\AppData\Local\Temp\jansi-64-4208987676856070650.dll
0x0000000071c30000 - 0x0000000071c3d000 	C:\Program Files\Java\jdk1.8.0_11\jre\bin\management.dll
0x00007ff8e50a0000 - 0x00007ff8e5144000 	C:\WINDOWS\SYSTEM32\DNSAPI.dll
0x00007ff8d61a0000 - 0x00007ff8d61aa000 	C:\Windows\System32\rasadhlp.dll
0x00007ff8e0010000 - 0x00007ff8e007b000 	C:\WINDOWS\System32\fwpuclnt.dll
0x0000000071c80000 - 0x0000000071ca4000 	C:\Program Files\Java\jdk1.8.0_11\jre\bin\sunec.dll
0x00007ff8d43d0000 - 0x00007ff8d43e5000 	C:\WINDOWS\system32\napinsp.dll
0x00007ff8d43f0000 - 0x00007ff8d440a000 	C:\WINDOWS\system32\pnrpnsp.dll
0x00007ff8e2c20000 - 0x00007ff8e2c3b000 	C:\WINDOWS\system32\NLAapi.dll
0x00007ff8d4410000 - 0x00007ff8d441d000 	C:\WINDOWS\System32\winrnr.dll
0x00007ff8d4420000 - 0x00007ff8d4434000 	C:\WINDOWS\system32\wshbth.dll
0x00007ff8d97f0000 - 0x00007ff8d9979000 	C:\WINDOWS\SYSTEM32\dbghelp.dll

VM Arguments:
jvm_args: -Dfile.encoding=UTF-8 -Xmx768M -Xms64M -Dgrails.fork.parent.process.port=37380 -Dgrails.fork.active=true -Dgrails.build.execution.context=C:\Users\suparera\AppData\Local\Temp\sparepart6756156318770907692grails-execution-context -Dgrails.home=C:\grails\grails-2.4 -javaagent:C:\grails\grails-2.4\lib\org.springframework\springloaded\jars\springloaded-1.2.1.RELEASE.jar -Xverify:none -Dspringloaded.synchronize=true -Djdk.reflect.allowGetCallerClass=true -Dspringloaded=profile=grails;cacheDir=C:\Users\suparera\.grails\2.4.4 
java_command: org.grails.plugins.tomcat.fork.ForkedTomcatServer
java_class_path (initial): C:\Program Files\Java\jdk1.8.0_25\lib\tools.jar;C:\grails\grails-2.4\lib\org.codehaus.groovy\groovy-all\jars\groovy-all-2.3.7.jar;C:\grails\grails-2.4\lib\org.slf4j\jcl-over-slf4j\jars\jcl-over-slf4j-1.7.5.jar;C:\grails\grails-2.4\lib\org.codehaus.gant\gant_groovy1.8\jars\gant_groovy1.8-1.9.6.jar;C:\grails\grails-2.4\lib\org.apache.tomcat.embed\tomcat-embed-logging-log4j\jars\tomcat-embed-logging-log4j-7.0.50.jar;C:\grails\grails-2.4\dist\grails-plugin-log4j-2.4.4.jar;C:\grails\grails-2.4\lib\log4j\log4j\jars\log4j-1.2.17.jar;C:\grails\grails-2.4\dist\grails-bootstrap-2.4.4.jar;C:\grails\grails-2.4\lib\org.slf4j\slf4j-api\jars\slf4j-api-1.7.5.jar;C:\grails\grails-2.4\lib\jline\jline\jars\jline-2.12.jar;C:\grails\grails-2.4\lib\org.apache.ant\ant\jars\ant-1.8.4.jar;C:\grails\grails-2.4\lib\org.apache.ant\ant-launcher\jars\ant-launcher-1.8.4.jar;C:\grails\grails-2.4\lib\org.apache.ant\ant-trax\jars\ant-trax-1.7.1.jar;C:\grails\grails-2.4\lib\org.apache.ant\ant-junit\jars\ant-junit-1.8.4.jar;C:\grails\grails-2.4\lib\org.apache.ivy\ivy\jars\ivy-2.3.0.jar;C:\grails\grails-2.4\lib\org.fusesource.jansi\jansi\jars\jansi-1.11.jar;C:\Users\suparera\.m2\repository\org\apache\tomcat\tomcat-catalina-ant\7.0.55\tomcat-catalina-ant-7.0.55.jar;C:\Users\suparera\.m2\repository\org\apache\tomcat\embed\tomcat-embed-jasper\7.0.55\tomcat-embed-jasper-7.0.55.jar;C:\Users\suparera\.m2\repository\org\apache\tomcat\embed\tomcat-embed-el\7.0.55\tomcat-embed-el-7.0.55.jar;C:\Users\suparera\.m2\repository\org\apache\tomcat\embed\tomcat-embed-logging-log4j\7.0.55\tomcat-embed-logging-log4j-7.0.55.jar;C:\Users\suparera\.m2\repository\org\apache\tomcat\embed\tomcat-embed-websocket\7.0.55\tomcat-embed-websocket-7.0.55.jar;C:\Users\suparera\.m2\repository\org\apache\tomcat\embed\tomcat-embed-core\7.0.55\tomcat-embed-core-7.0.55.jar;C:\Users\suparera\.m2\repository\org\eclipse\jdt\core\compiler\ecj\3.7.2\ecj-3.7.2.jar;D:\sts\sparepart\target\work\plugins\tomcat-7.0.55\gr
Launcher Type: SUN_STANDARD

Environment Variables:
JAVA_HOME=C:\Program Files\Java\jdk1.8.0_25
PATH=C:/Program Files/Java/jre1.8.0_45/bin/server;C:/Program Files/Java/jre1.8.0_45/bin;C:/Program Files/Java/jre1.8.0_45/lib/amd64;C:\ProgramData\Oracle\Java\javapath;C:\Program Files (x86)\Intel\iCLS Client\;C:\Program Files\Intel\iCLS Client\;C:\WINDOWS\system32;C:\WINDOWS;C:\WINDOWS\System32\Wbem;C:\WINDOWS\System32\WindowsPowerShell\v1.0\;C:\Program Files (x86)\Windows Live\Shared;C:\Program Files\Intel\Intel(R) Management Engine Components\DAL;C:\Program Files\Intel\Intel(R) Management Engine Components\IPT;C:\Program Files (x86)\Intel\Intel(R) Management Engine Components\DAL;C:\Program Files (x86)\Intel\Intel(R) Management Engine Components\IPT;C:\Program Files\Microsoft\Web Platform Installer\;C:\Program Files (x86)\Microsoft ASP.NET\ASP.NET Web Pages\v1.0\;C:\Program Files\Microsoft SQL Server\110\DTS\Binn\;C:\Program Files (x86)\Microsoft SQL Server\110\Tools\Binn\;C:\Program Files\Microsoft SQL Server\110\Tools\Binn\;C:\Program Files (x86)\Microsoft SQL Server\110\Tools\Binn\ManagementStudio\;C:\Program Files (x86)\Microsoft Visual Studio 10.0\Common7\IDE\PrivateAssemblies\;C:\Program Files (x86)\Microsoft SQL Server\110\DTS\Binn\;C:\Program Files (x86)\Windows Kits\8.0\Windows Performance Toolkit\;C:\Microsoft SQL Server Migration Assistant for MySQL\bin\;C:\Program Files (x86)\SizeExplorer Pro 4;C:\Program Files\Google\Google Apps Sync\;C:\Program Files\Google\Google Apps Migration\;C:\Program Files (x86)\Tesseract-OCR;C:\Program Files\Microsoft SQL Server\120\Tools\Binn\;C:\Program Files (x86)\Intel\OpenCL SDK\3.0\bin\x86;C:\Program Files (x86)\Intel\OpenCL SDK\3.0\bin\x64;C:\Program Files\MySQL\MySQL Server 5.1\bin;C:\Program Files (x86)\QuickTime\QTSystem\;C:\Program Files\nodejs\;C:\Program Files (x86)\NVIDIA Corporation\PhysX\Common;C:\AppServ\Apache2.2\bin;C:\AppServ\php5;C:\grails\grails-3.0.1\bin;c:\ant\bin;C:\Users\suparera\AppData\Roaming\npm;C:\maven-3.2.5\bin;C:\Program Files\Java\jre1.8.0_45\bin;C:\sts-bundle\sts-3.6.4.RELEASE;
USERNAME=suparera
OS=Windows_NT
PROCESSOR_IDENTIFIER=Intel64 Family 6 Model 60 Stepping 3, GenuineIntel



---------------  S Y S T E M  ---------------

OS: Windows 8.1 , 64 bit Build 9600 

CPU:total 8 (4 cores per cpu, 2 threads per core) family 6 model 60 stepping 3, cmov, cx8, fxsr, mmx, sse, sse2, sse3, ssse3, sse4.1, sse4.2, popcnt, avx, avx2, aes, clmul, erms, ht, tsc, tscinvbit

Memory: 4k page, physical 8269608k(1171384k free), swap 16658216k(7526780k free)

vm_info: Java HotSpot(TM) 64-Bit Server VM (25.11-b03) for windows-amd64 JRE (1.8.0_11-b12), built on Jun 16 2014 20:57:32 by "java_re" with MS VC++ 10.0 (VS2010)

time: Mon Jun 08 14:27:37 2015
elapsed time: 12 seconds

